Arguments: 
  C:\Program Files\nodejs\node.exe C:\Users\Zuchi\AppData\Roaming\npm\node_modules\yarn\bin\yarn.js add body-parser

PATH: 
  C:\Program Files (x86)\Common Files\Oracle\Java\javapath;C:\Python27\;C:\Python27\Scripts;C:\Windows\system32;C:\Windows;C:\Windows\System32\Wbem;C:\Windows\System32\WindowsPowerShell\v1.0\;C:\ProgramData\chocolatey\bin;C:\Program Files\Git\cmd;C:\Program Files\nodejs\;C:\Ruby26-x64\bin;C:\Users\Zuchi\AppData\Local\Programs\Microsoft VS Code\bin;C:\Users\Zuchi\AppData\Roaming\npm

Yarn version: 
  1.21.1

Node version: 
  12.14.0

Platform: 
  win32 x64

Trace: 
  SyntaxError: C:\Users\Zuchi\Desktop\Dev Environment\sinapari\Server\package.json: Unexpected token } in JSON at position 233
      at JSON.parse (<anonymous>)
      at C:\Users\Zuchi\AppData\Roaming\npm\node_modules\yarn\lib\cli.js:1625:59
      at Generator.next (<anonymous>)
      at step (C:\Users\Zuchi\AppData\Roaming\npm\node_modules\yarn\lib\cli.js:310:30)
      at C:\Users\Zuchi\AppData\Roaming\npm\node_modules\yarn\lib\cli.js:321:13

npm manifest: 
  {
    "name": "server",
    "version": "1.0.0",
    "description": "",
    "main": "Server.js",
    "scripts": {
      "test": "echo \"Error: no test specified\" && exit 1",
      "start": "node server.js"
    },
    "author": "",
    "license": "ISC",
  }

yarn manifest: 
  No manifest

Lockfile: 
  No lockfile
